{"name": "test_buy_item", "status": "broken", "statusDetails": {"message": "selenium.common.exceptions.TimeoutException: Message: \nStacktrace:\nRemoteError@chrome://remote/content/shared/RemoteError.sys.mjs:8:8\nWebDriverError@chrome://remote/content/shared/webdriver/Errors.sys.mjs:182:5\nNoSuchElementError@chrome://remote/content/shared/webdriver/Errors.sys.mjs:394:5\nelement.find/</<@chrome://remote/content/marionette/element.sys.mjs:275:16", "trace": "set_group = None\n\n    @allure.description('Test buy item')\n    def test_buy_item(set_group):\n        driver = webdriver.Firefox(executable_path='C:\\\\Users\\\\emily\\\\PycharmProjects\\\\resource\\\\geckodriver.exe')\n        print('Start Test')\n    \n        login = Login_page(driver)\n        login.authorization()\n    \n    \n        mp = Main_page(driver)\n        mp.select_menu_buy()\n        mp.cof()\n    \n        cp = Cofe_page(driver)\n        cp.fb_3()\n        cp.click_filter_price()\n        cp.by_price_height()\n        cp.click_filter_link_3()\n        cp.by_roast()\n        cp.by_roast_meduim()\n>       cp.click_buy_product_1079()\n\ntests\\test_buy_item.py:34: \n_ _ _ _ _ _ _ _ _ _ _ _ _ _ _ _ _ _ _ _ _ _ _ _ _ _ _ _ _ _ _ _ _ _ _ _ _ _ _ _ _ _ _ _ _ _ _ _ _ _ _ _ _ _ _ _ _ _ _ _ _ _ _ _ _ _ _ _ _ _ _ _ _ _ _ _ _ _ _ _ _ _ _ _ _ _ _ _ _ _ _ _\npages\\cofe_page.py:221: in click_buy_product_1079\n    self.get_name_item()\npages\\cofe_page.py:66: in get_name_item\n    return WebDriverWait(self.driver, 30).until(EC.element_to_be_clickable((By.XPATH, self.name_item)))\n_ _ _ _ _ _ _ _ _ _ _ _ _ _ _ _ _ _ _ _ _ _ _ _ _ _ _ _ _ _ _ _ _ _ _ _ _ _ _ _ _ _ _ _ _ _ _ _ _ _ _ _ _ _ _ _ _ _ _ _ _ _ _ _ _ _ _ _ _ _ _ _ _ _ _ _ _ _ _ _ _ _ _ _ _ _ _ _ _ _ _ _\n\nself = <selenium.webdriver.support.wait.WebDriverWait (session=\"e92c7fba-ace6-4863-ba0f-cd582dc5b5ca\")>\nmethod = <function element_to_be_clickable.<locals>._predicate at 0x000001A1BD131BD0>, message = ''\n\n    def until(self, method, message: str = \"\"):\n        \"\"\"Calls the method provided with the driver as an argument until the \\\n        return value does not evaluate to ``False``.\n    \n        :param method: callable(WebDriver)\n        :param message: optional message for :exc:`TimeoutException`\n        :returns: the result of the last call to `method`\n        :raises: :exc:`selenium.common.exceptions.TimeoutException` if timeout occurs\n        \"\"\"\n        screen = None\n        stacktrace = None\n    \n        end_time = time.monotonic() + self._timeout\n        while True:\n            try:\n                value = method(self._driver)\n                if value:\n                    return value\n            except self._ignored_exceptions as exc:\n                screen = getattr(exc, \"screen\", None)\n                stacktrace = getattr(exc, \"stacktrace\", None)\n            time.sleep(self._poll)\n            if time.monotonic() > end_time:\n                break\n>       raise TimeoutException(message, screen, stacktrace)\nE       selenium.common.exceptions.TimeoutException: Message: \nE       Stacktrace:\nE       RemoteError@chrome://remote/content/shared/RemoteError.sys.mjs:8:8\nE       WebDriverError@chrome://remote/content/shared/webdriver/Errors.sys.mjs:182:5\nE       NoSuchElementError@chrome://remote/content/shared/webdriver/Errors.sys.mjs:394:5\nE       element.find/</<@chrome://remote/content/marionette/element.sys.mjs:275:16\n\n..\\..\\AppData\\Local\\Packages\\PythonSoftwareFoundation.Python.3.10_qbz5n2kfra8p0\\LocalCache\\local-packages\\Python310\\site-packages\\selenium\\webdriver\\support\\wait.py:95: TimeoutException"}, "description": "Test buy item", "steps": [{"name": "Authorization", "status": "passed", "start": 1674065716779, "stop": 1674065724219}, {"name": "Select Menu Buy", "status": "passed", "start": 1674065724219, "stop": 1674065724619}, {"name": "Coffe", "status": "passed", "start": 1674065724619, "stop": 1674065726699}, {"name": "Fb3", "status": "passed", "start": 1674065726699, "stop": 1674065726990}, {"name": "Click filter price", "status": "passed", "start": 1674065726990, "stop": 1674065727384}, {"name": "By price height", "status": "passed", "start": 1674065727384, "stop": 1674065728402}, {"name": "Click filter link 3", "status": "passed", "start": 1674065728402, "stop": 1674065729205}, {"name": "By roast", "status": "passed", "start": 1674065729205, "stop": 1674065729597}, {"name": "By roast meduim", "status": "passed", "start": 1674065729597, "stop": 1674065729869}, {"name": "Click buy product 1079", "status": "broken", "statusDetails": {"message": "selenium.common.exceptions.TimeoutException: Message: \nStacktrace:\nRemoteError@chrome://remote/content/shared/RemoteError.sys.mjs:8:8\nWebDriverError@chrome://remote/content/shared/webdriver/Errors.sys.mjs:182:5\nNoSuchElementError@chrome://remote/content/shared/webdriver/Errors.sys.mjs:394:5\nelement.find/</<@chrome://remote/content/marionette/element.sys.mjs:275:16\n\n", "trace": "  File \"C:\\Users\\emily\\PycharmProjects\\Final_Project\\pages\\cofe_page.py\", line 221, in click_buy_product_1079\n    self.get_name_item()\n  File \"C:\\Users\\emily\\PycharmProjects\\Final_Project\\pages\\cofe_page.py\", line 66, in get_name_item\n    return WebDriverWait(self.driver, 30).until(EC.element_to_be_clickable((By.XPATH, self.name_item)))\n  File \"C:\\Users\\emily\\AppData\\Local\\Packages\\PythonSoftwareFoundation.Python.3.10_qbz5n2kfra8p0\\LocalCache\\local-packages\\Python310\\site-packages\\selenium\\webdriver\\support\\wait.py\", line 95, in until\n    raise TimeoutException(message, screen, stacktrace)\n"}, "start": 1674065729869, "stop": 1674065760207}], "attachments": [{"name": "stdout", "source": "7da8341d-65de-4d6b-82cd-211e20b18925-attachment.txt", "type": "text/plain"}], "start": 1674065710862, "stop": 1674065760221, "uuid": "7af4b95f-634b-43cc-8cdb-ce2b504076ea", "historyId": "651580b5c1ce463397f047d7aa04aa09", "testCaseId": "ead4fdc1e400d7e09bb9c43a15f7bebf", "fullName": "tests.test_buy_item#test_buy_item", "labels": [{"name": "parentSuite", "value": "tests"}, {"name": "suite", "value": "test_buy_item"}, {"name": "host", "value": "LAPTOP-RDQ1POL2"}, {"name": "thread", "value": "17512-MainThread"}, {"name": "framework", "value": "pytest"}, {"name": "language", "value": "cpython3"}, {"name": "package", "value": "tests.test_buy_item"}]}